  [1m[36m (4.0ms)[0m  [1mCREATE TABLE "schema_migrations" ("version" varchar NOT NULL) [0m
  [1m[35m (0.0ms)[0m  select sqlite_version(*)
  [1m[36m (3.0ms)[0m  [1mCREATE UNIQUE INDEX "unique_schema_migrations" ON "schema_migrations" ("version")[0m
  [1m[35mActiveRecord::SchemaMigration Load (0.0ms)[0m  SELECT "schema_migrations".* FROM "schema_migrations"
Migrating to CreateUsers (20151118120442)
  [1m[36m (0.0ms)[0m  [1mbegin transaction[0m
  [1m[35m (0.0ms)[0m  CREATE TABLE "users" ("id" INTEGER PRIMARY KEY AUTOINCREMENT NOT NULL, "created_at" datetime NOT NULL, "updated_at" datetime NOT NULL) 
  [1m[36mSQL (0.0ms)[0m  [1mINSERT INTO "schema_migrations" ("version") VALUES (?)[0m  [["version", "20151118120442"]]
  [1m[35m (2.0ms)[0m  commit transaction
Migrating to AddDetailsToUsers (20151118121513)
  [1m[36m (0.0ms)[0m  [1mbegin transaction[0m
  [1m[35m (1.0ms)[0m  ALTER TABLE "users" ADD "username" varchar
  [1m[36m (0.0ms)[0m  [1mALTER TABLE "users" ADD "password" varchar[0m
  [1m[35m (1.0ms)[0m  ALTER TABLE "users" ADD "email" varchar
  [1m[36mSQL (0.0ms)[0m  [1mINSERT INTO "schema_migrations" ("version") VALUES (?)[0m  [["version", "20151118121513"]]
  [1m[35m (3.0ms)[0m  commit transaction
  [1m[36mActiveRecord::SchemaMigration Load (0.0ms)[0m  [1mSELECT "schema_migrations".* FROM "schema_migrations"[0m
  [1m[36mUser Load (2.0ms)[0m  [1mSELECT "users".* FROM "users"[0m
  [1m[35mUser Load (0.0ms)[0m  SELECT "users".* FROM "users"
  [1m[36mUser Load (0.0ms)[0m  [1mSELECT "users".* FROM "users"[0m
  [1m[35mUser Load (0.0ms)[0m  SELECT "users".* FROM "users"
  [1m[36mUser Load (0.0ms)[0m  [1mSELECT "users".* FROM "users"[0m
  [1m[35mUser Exists (1.0ms)[0m  SELECT  1 AS one FROM "users" WHERE "users"."email" IS NULL LIMIT 1
  [1m[36mUser Exists (1.0ms)[0m  [1mSELECT  1 AS one FROM "users" WHERE LOWER("users"."email") = LOWER('testtest@mash.com') LIMIT 1[0m
  [1m[35mUser Exists (0.0ms)[0m  SELECT  1 AS one FROM "users" WHERE LOWER("users"."email") = LOWER('testtest@mash.com') LIMIT 1
  [1m[36mUser Exists (0.0ms)[0m  [1mSELECT  1 AS one FROM "users" WHERE "users"."username" IS NULL LIMIT 1[0m
  [1m[35mUser Exists (0.0ms)[0m  SELECT  1 AS one FROM "users" WHERE "users"."email" IS NULL LIMIT 1
  [1m[36mUser Exists (0.0ms)[0m  [1mSELECT  1 AS one FROM "users" WHERE "users"."username" = 'absdefg' LIMIT 1[0m
  [1m[35mUser Exists (0.0ms)[0m  SELECT  1 AS one FROM "users" WHERE LOWER("users"."email") = LOWER('thisisokay@okay.com') LIMIT 1
  [1m[36mUser Exists (0.0ms)[0m  [1mSELECT  1 AS one FROM "users" WHERE LOWER("users"."email") = LOWER('testtest@mash.com') LIMIT 1[0m
  [1m[35mUser Exists (0.0ms)[0m  SELECT  1 AS one FROM "users" WHERE LOWER("users"."email") = LOWER('testtest@mash.com') LIMIT 1
  [1m[36mUser Exists (0.0ms)[0m  [1mSELECT  1 AS one FROM "users" WHERE "users"."username" = 'absdefg' LIMIT 1[0m
  [1m[35mUser Exists (0.0ms)[0m  SELECT  1 AS one FROM "users" WHERE LOWER("users"."email") = LOWER('thisisokay@okay.com') LIMIT 1
  [1m[36mUser Exists (0.0ms)[0m  [1mSELECT  1 AS one FROM "users" WHERE "users"."username" = 'absdefg' LIMIT 1[0m
  [1m[35mUser Exists (1.0ms)[0m  SELECT  1 AS one FROM "users" WHERE LOWER("users"."email") = LOWER('thisisokay@okay.com') LIMIT 1
  [1m[36mUser Exists (0.0ms)[0m  [1mSELECT  1 AS one FROM "users" WHERE "users"."username" = 'absdefg' LIMIT 1[0m
  [1m[35mUser Exists (1.0ms)[0m  SELECT  1 AS one FROM "users" WHERE LOWER("users"."email") = LOWER('thisisokay@okay.com') LIMIT 1
  [1m[36mUser Exists (0.0ms)[0m  [1mSELECT  1 AS one FROM "users" WHERE "users"."username" = 'absdefg' LIMIT 1[0m
  [1m[35mUser Exists (0.0ms)[0m  SELECT  1 AS one FROM "users" WHERE LOWER("users"."email") = LOWER('thisisokay@okay.com') LIMIT 1
  [1m[36mUser Exists (1.0ms)[0m  [1mSELECT  1 AS one FROM "users" WHERE LOWER("users"."email") = LOWER('testtest@mash.com') LIMIT 1[0m
  [1m[35mUser Exists (0.0ms)[0m  SELECT  1 AS one FROM "users" WHERE "users"."username" = 'gabi' LIMIT 1
  [1m[36mUser Exists (0.0ms)[0m  [1mSELECT  1 AS one FROM "users" WHERE LOWER("users"."email") = LOWER('gabi@gmail.com') LIMIT 1[0m
  [1m[35m (1.0ms)[0m  begin transaction
  [1m[36mUser Exists (0.0ms)[0m  [1mSELECT  1 AS one FROM "users" WHERE "users"."username" = 'gabi' LIMIT 1[0m
  [1m[35mUser Exists (0.0ms)[0m  SELECT  1 AS one FROM "users" WHERE LOWER("users"."email") = LOWER('gabi@gmail.com') LIMIT 1
  [1m[36mSQL (1.0ms)[0m  [1mINSERT INTO "users" ("username", "email", "password", "created_at", "updated_at") VALUES (?, ?, ?, ?, ?)[0m  [["username", "gabi"], ["email", "gabi@gmail.com"], ["password", "gabi123"], ["created_at", "2015-11-18 12:37:33.138970"], ["updated_at", "2015-11-18 12:37:33.138970"]]
  [1m[35m (3.0ms)[0m  commit transaction
  [1m[36mActiveRecord::SchemaMigration Load (0.0ms)[0m  [1mSELECT "schema_migrations".* FROM "schema_migrations"[0m
Migrating to CreatePosts (20151118160302)
  [1m[35m (0.0ms)[0m  begin transaction
  [1m[36m (0.0ms)[0m  [1mCREATE TABLE "posts" ("id" INTEGER PRIMARY KEY AUTOINCREMENT NOT NULL, "title" varchar, "body" text, "user_id" integer, "created_at" datetime NOT NULL, "updated_at" datetime NOT NULL) [0m
  [1m[35mSQL (0.0ms)[0m  INSERT INTO "schema_migrations" ("version") VALUES (?)  [["version", "20151118160302"]]
  [1m[36m (3.0ms)[0m  [1mcommit transaction[0m
  [1m[35mActiveRecord::SchemaMigration Load (1.0ms)[0m  SELECT "schema_migrations".* FROM "schema_migrations"
  [1m[36mUser Load (0.0ms)[0m  [1mSELECT  "users".* FROM "users"  ORDER BY "users"."id" ASC LIMIT 1[0m
  [1m[35mPost Load (1.0ms)[0m  SELECT "posts".* FROM "posts" WHERE "posts"."user_id" = ?  [["user_id", 1]]
  [1m[36mUser Load (0.0ms)[0m  [1mSELECT "users".* FROM "users"[0m
  [1m[35mUser Load (1.0ms)[0m  SELECT  "users".* FROM "users"  ORDER BY "users"."id" ASC LIMIT 1
  [1m[36m (0.0ms)[0m  [1mbegin transaction[0m
  [1m[35mPost Exists (0.0ms)[0m  SELECT  1 AS one FROM "posts" WHERE "posts"."title" = 'Lion escaped from zoo' LIMIT 1
  [1m[36m (0.0ms)[0m  [1mrollback transaction[0m
  [1m[36mUser Load (0.0ms)[0m  [1mSELECT  "users".* FROM "users"  ORDER BY "users"."id" ASC LIMIT 1[0m
  [1m[35mPost Exists (1.0ms)[0m  SELECT  1 AS one FROM "posts" WHERE "posts"."title" IS NULL LIMIT 1
  [1m[36mPost Exists (0.0ms)[0m  [1mSELECT  1 AS one FROM "posts" WHERE "posts"."title" = 'Lion' LIMIT 1[0m
  [1m[35m (0.0ms)[0m  begin transaction
  [1m[36mPost Exists (0.0ms)[0m  [1mSELECT  1 AS one FROM "posts" WHERE "posts"."title" = 'Lion' LIMIT 1[0m
  [1m[35mSQL (0.0ms)[0m  INSERT INTO "posts" ("title", "body", "user_id", "created_at", "updated_at") VALUES (?, ?, ?, ?, ?)  [["title", "Lion"], ["body", "something"], ["user_id", 1], ["created_at", "2015-11-18 19:12:32.714042"], ["updated_at", "2015-11-18 19:12:32.714042"]]
  [1m[36m (3.0ms)[0m  [1mcommit transaction[0m
  [1m[35mPost Load (0.0ms)[0m  SELECT  "posts".* FROM "posts"  ORDER BY "posts"."id" ASC LIMIT 1
  [1m[36mPost Load (1.0ms)[0m  [1mSELECT  "posts".* FROM "posts"  ORDER BY "posts"."id" ASC LIMIT 1[0m
  [1m[35mUser Load (0.0ms)[0m  SELECT  "users".* FROM "users" WHERE "users"."id" = ? LIMIT 1  [["id", 1]]
  [1m[36mActiveRecord::SchemaMigration Load (0.0ms)[0m  [1mSELECT "schema_migrations".* FROM "schema_migrations"[0m
Migrating to CreateComments (20151118191923)
  [1m[35m (0.0ms)[0m  begin transaction
  [1m[36m (3.0ms)[0m  [1mCREATE TABLE "comments" ("id" INTEGER PRIMARY KEY AUTOINCREMENT NOT NULL, "content" text, "user_id" integer, "post_id" integer, "created_at" datetime NOT NULL, "updated_at" datetime NOT NULL) [0m
  [1m[35mSQL (0.0ms)[0m  INSERT INTO "schema_migrations" ("version") VALUES (?)  [["version", "20151118191923"]]
  [1m[36m (3.0ms)[0m  [1mcommit transaction[0m
  [1m[35mActiveRecord::SchemaMigration Load (1.0ms)[0m  SELECT "schema_migrations".* FROM "schema_migrations"
  [1m[36mUser Load (2.0ms)[0m  [1mSELECT "users".* FROM "users"[0m
  [1m[35m (0.0ms)[0m  begin transaction
  [1m[36mUser Exists (0.0ms)[0m  [1mSELECT  1 AS one FROM "users" WHERE "users"."username" = 'gabidubi' LIMIT 1[0m
  [1m[35mUser Exists (0.0ms)[0m  SELECT  1 AS one FROM "users" WHERE LOWER("users"."email") = LOWER('gabidubi@gmail.com') LIMIT 1
  [1m[36mSQL (1.0ms)[0m  [1mINSERT INTO "users" ("username", "password", "email", "created_at", "updated_at") VALUES (?, ?, ?, ?, ?)[0m  [["username", "gabidubi"], ["password", "gabi123"], ["email", "gabidubi@gmail.com"], ["created_at", "2015-11-18 19:49:55.913993"], ["updated_at", "2015-11-18 19:49:55.913993"]]
  [1m[35m (3.0ms)[0m  commit transaction
  [1m[36mUser Load (0.0ms)[0m  [1mSELECT "users".* FROM "users"[0m
  [1m[35mComment Load (1.0ms)[0m  SELECT "comments".* FROM "comments"
  [1m[36mComment Load (0.0ms)[0m  [1mSELECT "comments".* FROM "comments"[0m
  [1m[35mPost Load (0.0ms)[0m  SELECT "posts".* FROM "posts"
  [1m[36mUser Load (1.0ms)[0m  [1mSELECT  "users".* FROM "users"  ORDER BY "users"."id" ASC LIMIT 1[0m
  [1m[35mUser Load (1.0ms)[0m  SELECT  "users".* FROM "users" WHERE "users"."id" = ? LIMIT 1  [["id", 2]]
  [1m[36mUser Load (0.0ms)[0m  [1mSELECT  "users".* FROM "users" WHERE "users"."id" = ? LIMIT 1[0m  [["id", 2]]
  [1m[35mUser Load (1.0ms)[0m  SELECT  "users".* FROM "users" WHERE "users"."id" = ? LIMIT 1  [["id", 2]]
  [1m[36mComment Load (0.0ms)[0m  [1mSELECT "comments".* FROM "comments" WHERE "comments"."user_id" = ?[0m  [["user_id", 2]]
  [1m[35mUser Load (0.0ms)[0m  SELECT  "users".* FROM "users" WHERE "users"."id" = ? LIMIT 1  [["id", 2]]
  [1m[36mComment Load (0.0ms)[0m  [1mSELECT "comments".* FROM "comments" WHERE "comments"."user_id" = ?[0m  [["user_id", 2]]
  [1m[35m (0.0ms)[0m  begin transaction
  [1m[36mSQL (1.0ms)[0m  [1mINSERT INTO "comments" ("content", "post_id", "user_id", "created_at", "updated_at") VALUES (?, ?, ?, ?, ?)[0m  [["content", "Lol nice"], ["post_id", 1], ["user_id", 2], ["created_at", "2015-11-18 19:53:46.706007"], ["updated_at", "2015-11-18 19:53:46.706007"]]
  [1m[35m (3.0ms)[0m  commit transaction
  [1m[36mUser Load (0.0ms)[0m  [1mSELECT  "users".* FROM "users" WHERE "users"."id" = ? LIMIT 1[0m  [["id", 2]]
  [1m[35mComment Load (0.0ms)[0m  SELECT "comments".* FROM "comments" WHERE "comments"."user_id" = ?  [["user_id", 2]]
  [1m[36mUser Load (0.0ms)[0m  [1mSELECT  "users".* FROM "users" WHERE "users"."id" = ? LIMIT 1[0m  [["id", 2]]
  [1m[35mComment Load (0.0ms)[0m  SELECT "comments".* FROM "comments" WHERE "comments"."user_id" = ?  [["user_id", 2]]
  [1m[36mUser Load (0.0ms)[0m  [1mSELECT  "users".* FROM "users" WHERE "users"."id" = ? LIMIT 1[0m  [["id", 2]]
  [1m[35mComment Load (0.0ms)[0m  SELECT  "comments".* FROM "comments" WHERE "comments"."user_id" = ?  ORDER BY "comments"."id" ASC LIMIT 1  [["user_id", 2]]
  [1m[36mUser Load (0.0ms)[0m  [1mSELECT  "users".* FROM "users" WHERE "users"."id" = ? LIMIT 1[0m  [["id", 2]]
  [1m[35mComment Load (0.0ms)[0m  SELECT "comments".* FROM "comments" WHERE "comments"."user_id" = ?  [["user_id", 2]]
  [1m[36mUser Load (0.0ms)[0m  [1mSELECT  "users".* FROM "users" WHERE "users"."id" = ? LIMIT 1[0m  [["id", 2]]
  [1m[35mComment Load (1.0ms)[0m  SELECT  "comments".* FROM "comments"  ORDER BY "comments"."id" ASC LIMIT 1
  [1m[36mComment Load (0.0ms)[0m  [1mSELECT  "comments".* FROM "comments"  ORDER BY "comments"."id" ASC LIMIT 1[0m
  [1m[35mUser Load (0.0ms)[0m  SELECT  "users".* FROM "users" WHERE "users"."id" = ? LIMIT 1  [["id", 2]]
  [1m[36mPost Load (0.0ms)[0m  [1mSELECT  "posts".* FROM "posts"  ORDER BY "posts"."id" ASC LIMIT 1[0m
  [1m[35mComment Load (1.0ms)[0m  SELECT  "comments".* FROM "comments" WHERE "comments"."post_id" = ?  ORDER BY "comments"."id" ASC LIMIT 1  [["post_id", 1]]
  [1m[36mPost Load (0.0ms)[0m  [1mSELECT  "posts".* FROM "posts" WHERE "posts"."id" = ? LIMIT 1[0m  [["id", 1]]


Started GET "/" for ::1 at 2015-11-18 22:16:33 +0200
  [1m[36mActiveRecord::SchemaMigration Load (0.0ms)[0m  [1mSELECT "schema_migrations".* FROM "schema_migrations"[0m
Processing by Rails::WelcomeController#index as HTML
  Rendered C:/RailsInstaller/Ruby2.1.0/lib/ruby/gems/2.1.0/gems/railties-4.2.5/lib/rails/templates/rails/welcome/index.html.erb (2.0ms)
Completed 200 OK in 29ms (Views: 16.0ms | ActiveRecord: 0.0ms)


Started GET "/rails/info/properties" for ::1 at 2015-11-18 22:17:11 +0200
Processing by Rails::InfoController#properties as HTML
  [1m[35mActiveRecord::SchemaMigration Load (0.0ms)[0m  SELECT "schema_migrations".* FROM "schema_migrations"
  Rendered C:/RailsInstaller/Ruby2.1.0/lib/ruby/gems/2.1.0/gems/railties-4.2.5/lib/rails/templates/rails/info/properties.html.erb (0.0ms)
Completed 200 OK in 22ms (Views: 19.0ms | ActiveRecord: 0.0ms)
